<?xml version="1.0" encoding="UTF-8"?>
<!-- Generated by org.testng.reporters.JUnitReportReporter -->
<testsuite hostname="DESKTOP-0PUIRPL" failures="0" tests="1" name="rest.test" time="7.477" errors="0" timestamp="2022-11-10T21:45:14 IST" skipped="0">
  <testcase classname="rest.test" name="getmethod" time="7.477"/>
  <system-out/>
</testsuite> <!-- rest.test -->
